<?xml version="1.0" encoding="UTF-8"?>
<!-- Generated by org.testng.reporters.JUnitReportReporter -->
<testsuite hostname="DESKTOP-5KQ6OT2" name="pom.qa.rest.test.APITest" tests="4" failures="0" timestamp="27 Feb 2019 08:13:44 GMT" time="3.443" errors="0">
  <testcase name="test_userPUT" time="0.492" classname="pom.qa.rest.test.APITest"/>
  <testcase name="test_userGET" time="1.918" classname="pom.qa.rest.test.APITest"/>
  <testcase name="test_userPOST" time="0.519" classname="pom.qa.rest.test.APITest"/>
  <testcase name="test_userDELETE" time="0.514" classname="pom.qa.rest.test.APITest"/>
</testsuite> <!-- pom.qa.rest.test.APITest -->
