<?xml version="1.0" encoding="UTF-8"?>
<!-- Generated by org.testng.reporters.JUnitReportReporter -->
<testsuite hostname="DESKTOP-5KQ6OT2" name="pom.qa.rest.test.GetAPITest" tests="4" failures="0" timestamp="27 Feb 2019 07:56:23 GMT" time="3.456" errors="0">
  <testcase name="test_userPUT" time="0.487" classname="pom.qa.rest.test.GetAPITest"/>
  <testcase name="test_userGET" time="1.935" classname="pom.qa.rest.test.GetAPITest"/>
  <testcase name="test_userPOST" time="0.527" classname="pom.qa.rest.test.GetAPITest"/>
  <testcase name="test_userDELETE" time="0.507" classname="pom.qa.rest.test.GetAPITest"/>
</testsuite> <!-- pom.qa.rest.test.GetAPITest -->
